<?xml version="1.0" encoding="UTF-8"?>
<!-- Generated by org.testng.reporters.JUnitReportReporter -->
<testsuite hostname="DESKTOP-PL1GP4A" failures="0" tests="1" name="seamlessHr.invalidTest" time="14.818" errors="0" timestamp="2023-01-27T14:35:41 CST" skipped="0">
  <testcase classname="seamlessHr.invalidTest" name="f" time="14.818"/>
  <system-out/>
</testsuite> <!-- seamlessHr.invalidTest -->
