<?xml version="1.0" encoding="UTF-8"?>
<!-- Generated by org.testng.reporters.JUnitReportReporter -->
<testsuite hostname="DESKTOP-PL1GP4A" failures="0" tests="1" name="seamlessHr.validTest" time="13.794" errors="0" timestamp="2023-01-27T14:36:09 CST" skipped="0">
  <testcase classname="seamlessHr.validTest" name="f" time="13.794"/>
  <system-out/>
</testsuite> <!-- seamlessHr.validTest -->
